<?xml version='1.0'?>
<ns2:test-suite xmlns:ns2='urn:model.allure.qatools.yandex.ru' start='1699283948132' stop='1699283978883'>
    <name>Place an order for a laptop with invoice payment using Invalid and valid  billingInfo</name>
    <title>Place an order for a laptop with invoice payment using Invalid and valid  billingInfo</title>
    <test-cases>
        <test-case start='1699283948132' status='failed' stop='1699283978859'>
            <name>order by selecting Glasses product choose invoice and provide incorrect billing info</name>
            <title>order by selecting Glasses product choose invoice and provide incorrect billing info</title>
            <labels/>
            <parameters/>
            <steps/>
            <attachments/>
            <failure>
                <message>Timed out retrying after 10000ms: Expected to find element: `div.selectize-input.items.required.not-full.has-options`, but never found it. Queried from:
                
                              > &lt;document></message>
                <stack-trace>AssertionError: Timed out retrying after 10000ms: Expected to find element: `div.selectize-input.items.required.not-full.has-options`, but never found it. Queried from:
                
                              > &lt;document>
                    at Context.eval (webpack:///./cypress/support/pages/invoice-page.js:49:9)</stack-trace>
            </failure>
        </test-case>
    </test-cases>
</ns2:test-suite>